# JRE version: OpenJDK Runtime Environment Temurin-17.0.11+9 (17.0.11+9) (build 17.0.11+9)
# Java VM: OpenJDK 64-Bit Server VM Temurin-17.0.11+9 (17.0.11+9, mixed mode, tiered, compressed oops, compressed class ptrs, g1 gc, windows-amd64)
GC Precious Log:
 CPUs: 8 total, 8 available
 Memory: 7914M
 Large Page Support: Disabled
 NUMA Support: Disabled
 Compressed Oops: Enabled (32-bit)
 Heap Region Size: 1M
 Heap Min Capacity: 8M
 Heap Initial Capacity: 124M
 Heap Max Capacity: 1980M
 Pre-touch: Disabled
 Parallel Workers: 8
 Concurrent Workers: 2
 Concurrent Refinement Workers: 8
 Periodic GC: Disabled
Heap:
 garbage-first heap   total 73728K, used 46101K [0x0000000084400000, 0x0000000100000000)
  region size 1024K, 7 young (7168K), 1 survivors (1024K)
 Metaspace       used 85423K, committed 85952K, reserved 1179648K
  class space    used 11214K, committed 11456K, reserved 1048576K
GC Heap History (20 events):
Event: 6.791 GC heap before
{Heap before GC invocations=18 (full 0):
 garbage-first heap   total 70656K, used 31073K [0x0000000084400000, 0x0000000100000000)
  region size 1024K, 3 young (3072K), 2 survivors (2048K)
 Metaspace       used 61353K, committed 61760K, reserved 1114112K
  class space    used 7878K, committed 8064K, reserved 1048576K
}
Event: 6.793 GC heap after
{Heap after GC invocations=19 (full 0):
 garbage-first heap   total 70656K, used 30432K [0x0000000084400000, 0x0000000100000000)
  region size 1024K, 1 young (1024K), 1 survivors (1024K)
 Metaspace       used 61353K, committed 61760K, reserved 1114112K
  class space    used 7878K, committed 8064K, reserved 1048576K
}
Event: 7.485 GC heap before
{Heap before GC invocations=19 (full 0):
 garbage-first heap   total 70656K, used 53984K [0x0000000084400000, 0x0000000100000000)
  region size 1024K, 25 young (25600K), 1 survivors (1024K)
 Metaspace       used 66780K, committed 67328K, reserved 1114112K
  class space    used 8664K, committed 8896K, reserved 1048576K
}
Event: 7.488 GC heap after
{Heap after GC invocations=20 (full 0):
 garbage-first heap   total 70656K, used 31751K [0x0000000084400000, 0x0000000100000000)
  region size 1024K, 2 young (2048K), 2 survivors (2048K)
 Metaspace       used 66780K, committed 67328K, reserved 1114112K
  class space    used 8664K, committed 8896K, reserved 1048576K
}
Event: 8.314 GC heap before
{Heap before GC invocations=20 (full 0):
 garbage-first heap   total 70656K, used 55303K [0x0000000084400000, 0x0000000100000000)
  region size 1024K, 26 young (26624K), 2 survivors (2048K)
 Metaspace       used 71414K, committed 72064K, reserved 1114112K
  class space    used 9298K, committed 9600K, reserved 1048576K
}
Event: 8.319 GC heap after
{Heap after GC invocations=21 (full 0):
 garbage-first heap   total 70656K, used 34100K [0x0000000084400000, 0x0000000100000000)
  region size 1024K, 4 young (4096K), 4 survivors (4096K)
 Metaspace       used 71414K, committed 72064K, reserved 1114112K
  class space    used 9298K, committed 9600K, reserved 1048576K
}
Event: 8.944 GC heap before
{Heap before GC invocations=21 (full 0):
 garbage-first heap   total 70656K, used 56628K [0x0000000084400000, 0x0000000100000000)
  region size 1024K, 26 young (26624K), 4 survivors (4096K)
 Metaspace       used 73828K, committed 74432K, reserved 1114112K
  class space    used 9625K, committed 9920K, reserved 1048576K
}
Event: 8.949 GC heap after
{Heap after GC invocations=22 (full 0):
 garbage-first heap   total 70656K, used 36272K [0x0000000084400000, 0x0000000100000000)
  region size 1024K, 3 young (3072K), 3 survivors (3072K)
 Metaspace       used 73828K, committed 74432K, reserved 1114112K
  class space    used 9625K, committed 9920K, reserved 1048576K
}
Event: 11.266 GC heap before
{Heap before GC invocations=22 (full 0):
 garbage-first heap   total 70656K, used 55728K [0x0000000084400000, 0x0000000100000000)
  region size 1024K, 22 young (22528K), 3 survivors (3072K)
 Metaspace       used 77301K, committed 77888K, reserved 1179648K
  class space    used 10081K, committed 10368K, reserved 1048576K
}
Event: 11.273 GC heap after
{Heap after GC invocations=23 (full 0):
 garbage-first heap   total 70656K, used 38276K [0x0000000084400000, 0x0000000100000000)
  region size 1024K, 3 young (3072K), 3 survivors (3072K)
 Metaspace       used 77301K, committed 77888K, reserved 1179648K
  class space    used 10081K, committed 10368K, reserved 1048576K
}
Event: 12.365 GC heap before
{Heap before GC invocations=24 (full 0):
 garbage-first heap   total 71680K, used 56708K [0x0000000084400000, 0x0000000100000000)
  region size 1024K, 21 young (21504K), 3 survivors (3072K)
 Metaspace       used 80099K, committed 80704K, reserved 1179648K
  class space    used 10542K, committed 10816K, reserved 1048576K
}
Event: 12.372 GC heap after
{Heap after GC invocations=25 (full 0):
 garbage-first heap   total 71680K, used 40597K [0x0000000084400000, 0x0000000100000000)
  region size 1024K, 3 young (3072K), 3 survivors (3072K)
 Metaspace       used 80099K, committed 80704K, reserved 1179648K
  class space    used 10542K, committed 10816K, reserved 1048576K
}
Event: 12.432 GC heap before
{Heap before GC invocations=25 (full 0):
 garbage-first heap   total 71680K, used 41621K [0x0000000084400000, 0x0000000100000000)
  region size 1024K, 4 young (4096K), 3 survivors (3072K)
 Metaspace       used 80295K, committed 80896K, reserved 1179648K
  class space    used 10568K, committed 10880K, reserved 1048576K
}
Event: 12.438 GC heap after
{Heap after GC invocations=26 (full 0):
 garbage-first heap   total 71680K, used 40587K [0x0000000084400000, 0x0000000100000000)
  region size 1024K, 1 young (1024K), 1 survivors (1024K)
 Metaspace       used 80295K, committed 80896K, reserved 1179648K
  class space    used 10568K, committed 10880K, reserved 1048576K
}
Event: 89.385 GC heap before
{Heap before GC invocations=26 (full 0):
 garbage-first heap   total 71680K, used 55947K [0x0000000084400000, 0x0000000100000000)
  region size 1024K, 17 young (17408K), 1 survivors (1024K)
 Metaspace       used 82702K, committed 83264K, reserved 1179648K
  class space    used 10854K, committed 11136K, reserved 1048576K
}
Event: 89.391 GC heap after
{Heap after GC invocations=27 (full 0):
 garbage-first heap   total 71680K, used 41029K [0x0000000084400000, 0x0000000100000000)
  region size 1024K, 1 young (1024K), 1 survivors (1024K)
 Metaspace       used 82702K, committed 83264K, reserved 1179648K
  class space    used 10854K, committed 11136K, reserved 1048576K
}
Event: 162.527 GC heap before
{Heap before GC invocations=28 (full 0):
 garbage-first heap   total 73728K, used 56389K [0x0000000084400000, 0x0000000100000000)
  region size 1024K, 17 young (17408K), 1 survivors (1024K)
 Metaspace       used 85346K, committed 85888K, reserved 1179648K
  class space    used 11214K, committed 11456K, reserved 1048576K
}
Event: 162.529 GC heap after
{Heap after GC invocations=29 (full 0):
 garbage-first heap   total 73728K, used 41329K [0x0000000084400000, 0x0000000100000000)
  region size 1024K, 2 young (2048K), 2 survivors (2048K)
 Metaspace       used 85346K, committed 85888K, reserved 1179648K
  class space    used 11214K, committed 11456K, reserved 1048576K
}
Event: 162.539 GC heap before
{Heap before GC invocations=29 (full 0):
 garbage-first heap   total 73728K, used 42353K [0x0000000084400000, 0x0000000100000000)
  region size 1024K, 3 young (3072K), 2 survivors (2048K)
 Metaspace       used 85351K, committed 85888K, reserved 1179648K
  class space    used 11214K, committed 11456K, reserved 1048576K
}
Event: 162.543 GC heap after
{Heap after GC invocations=30 (full 0):
 garbage-first heap   total 73728K, used 40981K [0x0000000084400000, 0x0000000100000000)
  region size 1024K, 1 young (1024K), 1 survivors (1024K)
 Metaspace       used 85351K, committed 85888K, reserved 1179648K
  class space    used 11214K, committed 11456K, reserved 1048576K
}

