# JRE version: OpenJDK Runtime Environment Temurin-17.0.11+9 (17.0.11+9) (build 17.0.11+9)
# Java VM: OpenJDK 64-Bit Server VM Temurin-17.0.11+9 (17.0.11+9, mixed mode, tiered, compressed oops, compressed class ptrs, g1 gc, windows-amd64)
GC Precious Log:
 CPUs: 8 total, 8 available
 Memory: 7914M
 Large Page Support: Disabled
 NUMA Support: Disabled
 Compressed Oops: Enabled (32-bit)
 Heap Region Size: 1M
 Heap Min Capacity: 8M
 Heap Initial Capacity: 124M
 Heap Max Capacity: 1980M
 Pre-touch: Disabled
 Parallel Workers: 8
 Concurrent Workers: 2
 Concurrent Refinement Workers: 8
 Periodic GC: Disabled
Heap:
 garbage-first heap   total 101376K, used 55196K [0x0000000084400000, 0x0000000100000000)
  region size 1024K, 18 young (18432K), 1 survivors (1024K)
 Metaspace       used 91731K, committed 92416K, reserved 1179648K
  class space    used 11509K, committed 11904K, reserved 1048576K
GC Heap History (20 events):
Event: 4797.177 GC heap before
{Heap before GC invocations=99 (full 3):
 garbage-first heap   total 80896K, used 41802K [0x0000000084400000, 0x0000000100000000)
  region size 1024K, 3 young (3072K), 1 survivors (1024K)
 Metaspace       used 91486K, committed 92160K, reserved 1179648K
  class space    used 11509K, committed 11904K, reserved 1048576K
}
Event: 4797.194 GC heap after
{Heap after GC invocations=100 (full 3):
 garbage-first heap   total 80896K, used 39258K [0x0000000084400000, 0x0000000100000000)
  region size 1024K, 1 young (1024K), 1 survivors (1024K)
 Metaspace       used 91486K, committed 92160K, reserved 1179648K
  class space    used 11509K, committed 11904K, reserved 1048576K
}
Event: 5068.537 GC heap before
{Heap before GC invocations=100 (full 3):
 garbage-first heap   total 80896K, used 67930K [0x0000000084400000, 0x0000000100000000)
  region size 1024K, 30 young (30720K), 1 survivors (1024K)
 Metaspace       used 91522K, committed 92224K, reserved 1179648K
  class space    used 11509K, committed 11904K, reserved 1048576K
}
Event: 5068.670 GC heap after
{Heap after GC invocations=101 (full 3):
 garbage-first heap   total 80896K, used 39249K [0x0000000084400000, 0x0000000100000000)
  region size 1024K, 1 young (1024K), 1 survivors (1024K)
 Metaspace       used 91522K, committed 92224K, reserved 1179648K
  class space    used 11509K, committed 11904K, reserved 1048576K
}
Event: 5343.028 GC heap before
{Heap before GC invocations=102 (full 3):
 garbage-first heap   total 80896K, used 68945K [0x0000000084400000, 0x0000000100000000)
  region size 1024K, 30 young (30720K), 1 survivors (1024K)
 Metaspace       used 91648K, committed 92352K, reserved 1179648K
  class space    used 11509K, committed 11904K, reserved 1048576K
}
Event: 5343.046 GC heap after
{Heap after GC invocations=103 (full 3):
 garbage-first heap   total 80896K, used 39202K [0x0000000084400000, 0x0000000100000000)
  region size 1024K, 1 young (1024K), 1 survivors (1024K)
 Metaspace       used 91648K, committed 92352K, reserved 1179648K
  class space    used 11509K, committed 11904K, reserved 1048576K
}
Event: 5369.102 GC heap before
{Heap before GC invocations=103 (full 3):
 garbage-first heap   total 80896K, used 41250K [0x0000000084400000, 0x0000000100000000)
  region size 1024K, 3 young (3072K), 1 survivors (1024K)
 Metaspace       used 91648K, committed 92352K, reserved 1179648K
  class space    used 11509K, committed 11904K, reserved 1048576K
}
Event: 5369.113 GC heap after
{Heap after GC invocations=104 (full 3):
 garbage-first heap   total 80896K, used 39064K [0x0000000084400000, 0x0000000100000000)
  region size 1024K, 1 young (1024K), 1 survivors (1024K)
 Metaspace       used 91648K, committed 92352K, reserved 1179648K
  class space    used 11509K, committed 11904K, reserved 1048576K
}
Event: 5659.884 GC heap before
{Heap before GC invocations=104 (full 3):
 garbage-first heap   total 80896K, used 69784K [0x0000000084400000, 0x0000000100000000)
  region size 1024K, 31 young (31744K), 1 survivors (1024K)
 Metaspace       used 91669K, committed 92352K, reserved 1179648K
  class space    used 11509K, committed 11904K, reserved 1048576K
}
Event: 5659.942 GC heap after
{Heap after GC invocations=105 (full 3):
 garbage-first heap   total 80896K, used 38997K [0x0000000084400000, 0x0000000100000000)
  region size 1024K, 1 young (1024K), 1 survivors (1024K)
 Metaspace       used 91669K, committed 92352K, reserved 1179648K
  class space    used 11509K, committed 11904K, reserved 1048576K
}
Event: 5960.586 GC heap before
{Heap before GC invocations=106 (full 3):
 garbage-first heap   total 80896K, used 70741K [0x0000000084400000, 0x0000000100000000)
  region size 1024K, 32 young (32768K), 1 survivors (1024K)
 Metaspace       used 91682K, committed 92352K, reserved 1179648K
  class space    used 11509K, committed 11904K, reserved 1048576K
}
Event: 5960.622 GC heap after
{Heap after GC invocations=107 (full 3):
 garbage-first heap   total 80896K, used 39002K [0x0000000084400000, 0x0000000100000000)
  region size 1024K, 1 young (1024K), 1 survivors (1024K)
 Metaspace       used 91682K, committed 92352K, reserved 1179648K
  class space    used 11509K, committed 11904K, reserved 1048576K
}
Event: 5970.588 GC heap before
{Heap before GC invocations=107 (full 3):
 garbage-first heap   total 80896K, used 41050K [0x0000000084400000, 0x0000000100000000)
  region size 1024K, 3 young (3072K), 1 survivors (1024K)
 Metaspace       used 91683K, committed 92352K, reserved 1179648K
  class space    used 11509K, committed 11904K, reserved 1048576K
}
Event: 5970.603 GC heap after
{Heap after GC invocations=108 (full 3):
 garbage-first heap   total 80896K, used 38777K [0x0000000084400000, 0x0000000100000000)
  region size 1024K, 1 young (1024K), 1 survivors (1024K)
 Metaspace       used 91683K, committed 92352K, reserved 1179648K
  class space    used 11509K, committed 11904K, reserved 1048576K
}
Event: 6270.602 GC heap before
{Heap before GC invocations=108 (full 3):
 garbage-first heap   total 80896K, used 70521K [0x0000000084400000, 0x0000000100000000)
  region size 1024K, 32 young (32768K), 1 survivors (1024K)
 Metaspace       used 91706K, committed 92416K, reserved 1179648K
  class space    used 11509K, committed 11904K, reserved 1048576K
}
Event: 6270.665 GC heap after
{Heap after GC invocations=109 (full 3):
 garbage-first heap   total 80896K, used 39281K [0x0000000084400000, 0x0000000100000000)
  region size 1024K, 1 young (1024K), 1 survivors (1024K)
 Metaspace       used 91706K, committed 92416K, reserved 1179648K
  class space    used 11509K, committed 11904K, reserved 1048576K
}
Event: 6568.305 GC heap before
{Heap before GC invocations=110 (full 3):
 garbage-first heap   total 80896K, used 70001K [0x0000000084400000, 0x0000000100000000)
  region size 1024K, 31 young (31744K), 1 survivors (1024K)
 Metaspace       used 91726K, committed 92416K, reserved 1179648K
  class space    used 11509K, committed 11904K, reserved 1048576K
}
Event: 6568.342 GC heap after
{Heap after GC invocations=111 (full 3):
 garbage-first heap   total 101376K, used 39201K [0x0000000084400000, 0x0000000100000000)
  region size 1024K, 1 young (1024K), 1 survivors (1024K)
 Metaspace       used 91726K, committed 92416K, reserved 1179648K
  class space    used 11509K, committed 11904K, reserved 1048576K
}
Event: 6587.729 GC heap before
{Heap before GC invocations=111 (full 3):
 garbage-first heap   total 101376K, used 42273K [0x0000000084400000, 0x0000000100000000)
  region size 1024K, 4 young (4096K), 1 survivors (1024K)
 Metaspace       used 91726K, committed 92416K, reserved 1179648K
  class space    used 11509K, committed 11904K, reserved 1048576K
}
Event: 6587.748 GC heap after
{Heap after GC invocations=112 (full 3):
 garbage-first heap   total 101376K, used 38812K [0x0000000084400000, 0x0000000100000000)
  region size 1024K, 1 young (1024K), 1 survivors (1024K)
 Metaspace       used 91726K, committed 92416K, reserved 1179648K
  class space    used 11509K, committed 11904K, reserved 1048576K
}

